c:\users\admin\documents\visual studio 2013\projects\qtablewedgt\qtablewedgt\x64\debug\vc120.pdb
c:\users\admin\documents\visual studio 2013\projects\qtablewedgt\qtablewedgt\x64\debug\table.obj
c:\users\admin\documents\visual studio 2013\projects\qtablewedgt\qtablewedgt\x64\debug\main.obj
c:\users\admin\documents\visual studio 2013\projects\qtablewedgt\qtablewedgt\x64\debug\moc_table.obj
c:\users\admin\documents\visual studio 2013\projects\qtablewedgt\qtablewedgt\x64\debug\qrc_qtablewedgt.obj
c:\users\admin\documents\visual studio 2013\projects\qtablewedgt\qtablewedgt\generatedfiles\ui_qtablewedgt.h
c:\users\admin\documents\visual studio 2013\projects\qtablewedgt\qtablewedgt\generatedfiles\qrc_qtablewedgt.cpp
c:\users\admin\documents\visual studio 2013\projects\qtablewedgt\qtablewedgt\generatedfiles\debug\moc_table.cpp
c:\users\admin\documents\visual studio 2013\projects\qtablewedgt\x64\debug\qtablewedgt.ilk
c:\users\admin\documents\visual studio 2013\projects\qtablewedgt\x64\debug\qtablewedgt.exe
c:\users\admin\documents\visual studio 2013\projects\qtablewedgt\x64\debug\qtablewedgt.pdb
c:\users\admin\documents\visual studio 2013\projects\qtablewedgt\qtablewedgt\x64\debug\qtablewedgt.tlog\cl.command.1.tlog
c:\users\admin\documents\visual studio 2013\projects\qtablewedgt\qtablewedgt\x64\debug\qtablewedgt.tlog\cl.read.1.tlog
c:\users\admin\documents\visual studio 2013\projects\qtablewedgt\qtablewedgt\x64\debug\qtablewedgt.tlog\cl.write.1.tlog
c:\users\admin\documents\visual studio 2013\projects\qtablewedgt\qtablewedgt\x64\debug\qtablewedgt.tlog\custombuild.command.1.tlog
c:\users\admin\documents\visual studio 2013\projects\qtablewedgt\qtablewedgt\x64\debug\qtablewedgt.tlog\custombuild.read.1.tlog
c:\users\admin\documents\visual studio 2013\projects\qtablewedgt\qtablewedgt\x64\debug\qtablewedgt.tlog\custombuild.write.1.tlog
c:\users\admin\documents\visual studio 2013\projects\qtablewedgt\qtablewedgt\x64\debug\qtablewedgt.tlog\link.command.1.tlog
c:\users\admin\documents\visual studio 2013\projects\qtablewedgt\qtablewedgt\x64\debug\qtablewedgt.tlog\link.read.1.tlog
c:\users\admin\documents\visual studio 2013\projects\qtablewedgt\qtablewedgt\x64\debug\qtablewedgt.tlog\link.write.1.tlog
