c:\users\admin\documents\visual studio 2013\projects\inputdialog\inputdialog\x64\debug\vc120.pdb
c:\users\admin\documents\visual studio 2013\projects\inputdialog\inputdialog\x64\debug\main.obj
c:\users\admin\documents\visual studio 2013\projects\inputdialog\inputdialog\x64\debug\moc_inputdialog.obj
c:\users\admin\documents\visual studio 2013\projects\inputdialog\inputdialog\x64\debug\inputdialog.obj
c:\users\admin\documents\visual studio 2013\projects\inputdialog\inputdialog\x64\debug\qrc_inputdialog.obj
c:\users\admin\documents\visual studio 2013\projects\inputdialog\inputdialog\generatedfiles\ui_inputdialog.h
c:\users\admin\documents\visual studio 2013\projects\inputdialog\inputdialog\generatedfiles\debug\moc_inputdialog.cpp
c:\users\admin\documents\visual studio 2013\projects\inputdialog\inputdialog\generatedfiles\qrc_inputdialog.cpp
c:\users\admin\documents\visual studio 2013\projects\inputdialog\x64\debug\inputdialog.ilk
c:\users\admin\documents\visual studio 2013\projects\inputdialog\x64\debug\inputdialog.exe
c:\users\admin\documents\visual studio 2013\projects\inputdialog\x64\debug\inputdialog.pdb
c:\users\admin\documents\visual studio 2013\projects\inputdialog\inputdialog\x64\debug\inputdialog.tlog\cl.command.1.tlog
c:\users\admin\documents\visual studio 2013\projects\inputdialog\inputdialog\x64\debug\inputdialog.tlog\cl.read.1.tlog
c:\users\admin\documents\visual studio 2013\projects\inputdialog\inputdialog\x64\debug\inputdialog.tlog\cl.write.1.tlog
c:\users\admin\documents\visual studio 2013\projects\inputdialog\inputdialog\x64\debug\inputdialog.tlog\custombuild.command.1.tlog
c:\users\admin\documents\visual studio 2013\projects\inputdialog\inputdialog\x64\debug\inputdialog.tlog\custombuild.read.1.tlog
c:\users\admin\documents\visual studio 2013\projects\inputdialog\inputdialog\x64\debug\inputdialog.tlog\custombuild.write.1.tlog
c:\users\admin\documents\visual studio 2013\projects\inputdialog\inputdialog\x64\debug\inputdialog.tlog\link.command.1.tlog
c:\users\admin\documents\visual studio 2013\projects\inputdialog\inputdialog\x64\debug\inputdialog.tlog\link.read.1.tlog
c:\users\admin\documents\visual studio 2013\projects\inputdialog\inputdialog\x64\debug\inputdialog.tlog\link.write.1.tlog
