c:\users\admin\documents\visual studio 2013\projects\progressbar\progressbar\x64\debug\vc120.pdb
c:\users\admin\documents\visual studio 2013\projects\progressbar\progressbar\x64\debug\main.obj
c:\users\admin\documents\visual studio 2013\projects\progressbar\progressbar\x64\debug\moc_progress.obj
c:\users\admin\documents\visual studio 2013\projects\progressbar\progressbar\x64\debug\qrc_progressbar.obj
c:\users\admin\documents\visual studio 2013\projects\progressbar\progressbar\x64\debug\progress.obj
c:\users\admin\documents\visual studio 2013\projects\progressbar\progressbar\generatedfiles\ui_progressbar.h
c:\users\admin\documents\visual studio 2013\projects\progressbar\progressbar\generatedfiles\qrc_progressbar.cpp
c:\users\admin\documents\visual studio 2013\projects\progressbar\progressbar\generatedfiles\debug\moc_progress.cpp
c:\users\admin\documents\visual studio 2013\projects\progressbar\x64\debug\progressbar.ilk
c:\users\admin\documents\visual studio 2013\projects\progressbar\x64\debug\progressbar.exe
c:\users\admin\documents\visual studio 2013\projects\progressbar\x64\debug\progressbar.pdb
c:\users\admin\documents\visual studio 2013\projects\progressbar\progressbar\x64\debug\progressbar.tlog\cl.command.1.tlog
c:\users\admin\documents\visual studio 2013\projects\progressbar\progressbar\x64\debug\progressbar.tlog\cl.read.1.tlog
c:\users\admin\documents\visual studio 2013\projects\progressbar\progressbar\x64\debug\progressbar.tlog\cl.write.1.tlog
c:\users\admin\documents\visual studio 2013\projects\progressbar\progressbar\x64\debug\progressbar.tlog\custombuild.command.1.tlog
c:\users\admin\documents\visual studio 2013\projects\progressbar\progressbar\x64\debug\progressbar.tlog\custombuild.read.1.tlog
c:\users\admin\documents\visual studio 2013\projects\progressbar\progressbar\x64\debug\progressbar.tlog\custombuild.write.1.tlog
c:\users\admin\documents\visual studio 2013\projects\progressbar\progressbar\x64\debug\progressbar.tlog\link.command.1.tlog
c:\users\admin\documents\visual studio 2013\projects\progressbar\progressbar\x64\debug\progressbar.tlog\link.read.1.tlog
c:\users\admin\documents\visual studio 2013\projects\progressbar\progressbar\x64\debug\progressbar.tlog\link.write.1.tlog
