生成启动时间为 2016/10/31 15:20:57。
     1>项目“c:\Users\admin\documents\visual studio 2013\Projects\messageboxs\messageboxs\messageboxs.vcxproj”在节点 2 上(Build 个目标)。
     1>CustomBuild:
         Moc'ing messageboxs.h...
         Uic'ing messageboxs.ui...
         Rcc'ing messageboxs.qrc...
     1>RCC : warning : No resources in 'c:\Users\admin\documents\visual studio 2013\Projects\messageboxs\messageboxs\messageboxs.qrc'.
         
       ClCompile:
         D:\software-haitao\vs2010\VC\bin\CL.exe /c /I.\GeneratedFiles /I. /I"D:\VS-qt\5.3\msvc2013_64_opengl\include" /I.\GeneratedFiles\Debug /I"D:\VS-qt\5.3\msvc2013_64_opengl\include\QtCore" /I"D:\VS-qt\5.3\msvc2013_64_opengl\include\QtGui" /I"D:\VS-qt\5.3\msvc2013_64_opengl\include\QtWidgets" /Zi /nologo /W1 /WX- /Od /Oy- /D UNICODE /D WIN32 /D WIN64 /D QT_DLL /D QT_CORE_LIB /D QT_GUI_LIB /D QT_WIDGETS_LIB /Gm- /EHsc /MDd /GS /fp:precise /Zc:wchar_t /Zc:forScope /Fo"Debug\\" /Fd"Debug\vc120.pdb" /Gd /TP /analyze- /errorReport:prompt GeneratedFiles\Debug\moc_messageboxs.cpp main.cpp messageboxs.cpp
         moc_messageboxs.cpp
         main.cpp
         messageboxs.cpp
         正在生成代码...
         D:\software-haitao\vs2010\VC\bin\CL.exe /c /I.\GeneratedFiles /I. /I"D:\VS-qt\5.3\msvc2013_64_opengl\include" /I.\GeneratedFiles\Debug /I"D:\VS-qt\5.3\msvc2013_64_opengl\include\QtCore" /I"D:\VS-qt\5.3\msvc2013_64_opengl\include\QtGui" /I"D:\VS-qt\5.3\msvc2013_64_opengl\include\QtWidgets" /Zi /nologo /W1 /WX- /Od /Oy- /D UNICODE /D WIN32 /D WIN64 /D QT_DLL /D QT_CORE_LIB /D QT_GUI_LIB /D QT_WIDGETS_LIB /Gm- /EHsc /MDd /GS /fp:precise /Zc:wchar_t /Zc:forScope /Fo"Debug\\" /Fd"Debug\vc120.pdb" /Gd /TP /analyze- /errorReport:prompt GeneratedFiles\qrc_messageboxs.cpp
         qrc_messageboxs.cpp
       Link:
         D:\software-haitao\vs2010\VC\bin\link.exe /ERRORREPORT:PROMPT /OUT:"c:\users\admin\documents\visual studio 2013\Projects\messageboxs\Win32\Debug\\messageboxs.exe" /NOLOGO /LIBPATH:"D:\VS-qt\5.3\msvc2013_64_opengl\lib" qtmaind.lib Qt5Cored.lib Qt5Guid.lib Qt5Widgetsd.lib kernel32.lib user32.lib gdi32.lib winspool.lib comdlg32.lib advapi32.lib shell32.lib ole32.lib oleaut32.lib uuid.lib odbc32.lib odbccp32.lib /MANIFEST /MANIFESTUAC:"level='asInvoker' uiAccess='false'" /manifest:embed /DEBUG /PDB:"c:\users\admin\documents\visual studio 2013\Projects\messageboxs\Win32\Debug\messageboxs.pdb" /SUBSYSTEM:WINDOWS /TLBID:1 /DYNAMICBASE /NXCOMPAT /IMPLIB:"c:\users\admin\documents\visual studio 2013\Projects\messageboxs\Win32\Debug\messageboxs.lib" /MACHINE:X86 /SAFESEH Debug\moc_messageboxs.obj
         Debug\qrc_messageboxs.obj
         Debug\main.obj
         Debug\messageboxs.obj
     1>Qt5Widgetsd.lib(Qt5Widgetsd.dll) : fatal error LNK1112: 模块计算机类型“x64”与目标计算机类型“X86”冲突
     1>已完成生成项目“c:\Users\admin\documents\visual studio 2013\Projects\messageboxs\messageboxs\messageboxs.vcxproj”(Build 个目标)的操作 - 失败。

生成失败。

已用时间 00:00:03.44
