c:\users\admin\documents\visual studio 2013\projects\geometry\geometry\x64\debug\vc120.pdb
c:\users\admin\documents\visual studio 2013\projects\geometry\geometry\x64\debug\main.obj
c:\users\admin\documents\visual studio 2013\projects\geometry\geometry\x64\debug\geometry.obj
c:\users\admin\documents\visual studio 2013\projects\geometry\geometry\x64\debug\moc_geometry.obj
c:\users\admin\documents\visual studio 2013\projects\geometry\geometry\x64\debug\qrc_geometry.obj
c:\users\admin\documents\visual studio 2013\projects\geometry\geometry\generatedfiles\ui_geometry.h
c:\users\admin\documents\visual studio 2013\projects\geometry\geometry\generatedfiles\qrc_geometry.cpp
c:\users\admin\documents\visual studio 2013\projects\geometry\geometry\generatedfiles\debug\moc_geometry.cpp
c:\users\admin\documents\visual studio 2013\projects\geometry\x64\debug\geometry.ilk
c:\users\admin\documents\visual studio 2013\projects\geometry\x64\debug\geometry.exe
c:\users\admin\documents\visual studio 2013\projects\geometry\x64\debug\geometry.pdb
c:\users\admin\documents\visual studio 2013\projects\geometry\geometry\x64\debug\geometry.tlog\cl.command.1.tlog
c:\users\admin\documents\visual studio 2013\projects\geometry\geometry\x64\debug\geometry.tlog\cl.read.1.tlog
c:\users\admin\documents\visual studio 2013\projects\geometry\geometry\x64\debug\geometry.tlog\cl.write.1.tlog
c:\users\admin\documents\visual studio 2013\projects\geometry\geometry\x64\debug\geometry.tlog\custombuild.command.1.tlog
c:\users\admin\documents\visual studio 2013\projects\geometry\geometry\x64\debug\geometry.tlog\custombuild.read.1.tlog
c:\users\admin\documents\visual studio 2013\projects\geometry\geometry\x64\debug\geometry.tlog\custombuild.write.1.tlog
c:\users\admin\documents\visual studio 2013\projects\geometry\geometry\x64\debug\geometry.tlog\link.command.1.tlog
c:\users\admin\documents\visual studio 2013\projects\geometry\geometry\x64\debug\geometry.tlog\link.read.1.tlog
c:\users\admin\documents\visual studio 2013\projects\geometry\geometry\x64\debug\geometry.tlog\link.write.1.tlog
